#
# There is insufficient memory for the Java Runtime Environment to continue.
# Native memory allocation (malloc) failed to allocate 514816 bytes for Chunk::new
# Possible reasons:
#   The system is out of physical RAM or swap space
#   The process is running with CompressedOops enabled, and the Java Heap may be blocking the growth of the native heap
# Possible solutions:
#   Reduce memory load on the system
#   Increase physical memory or swap space
#   Check if swap backing store is full
#   Decrease Java heap size (-Xmx/-Xms)
#   Decrease number of Java threads
#   Decrease Java thread stack sizes (-Xss)
#   Set larger code cache with -XX:ReservedCodeCacheSize=
#   JVM is running with Unscaled Compressed Oops mode in which the Java heap is
#     placed in the first 4GB address space. The Java Heap base address is the
#     maximum limit for the native heap growth. Please use -XX:HeapBaseMinAddress
#     to set the Java Heap base and to place the Java Heap above 4GB virtual address.
# This output file may be truncated or incomplete.
#
#  Out of Memory Error (arena.cpp:189), pid=29296, tid=38936
#
# JRE version: OpenJDK Runtime Environment Temurin-17.0.4.1+1 (17.0.4.1+1) (build 17.0.4.1+1)
# Java VM: OpenJDK 64-Bit Server VM Temurin-17.0.4.1+1 (17.0.4.1+1, mixed mode, tiered, compressed oops, compressed class ptrs, parallel gc, windows-amd64)
# No core dump will be written. Minidumps are not enabled by default on client versions of Windows
#

---------------  S U M M A R Y ------------

Command Line: --add-modules=ALL-SYSTEM --add-opens=java.base/java.util=ALL-UNNAMED --add-opens=java.base/java.lang=ALL-UNNAMED --add-opens=java.base/sun.nio.fs=ALL-UNNAMED -Declipse.application=org.eclipse.jdt.ls.core.id1 -Dosgi.bundles.defaultStartLevel=4 -Declipse.product=org.eclipse.jdt.ls.core.product -Djava.import.generatesMetadataFilesAtProjectRoot=false -Dfile.encoding=utf8 -XX:+UseParallelGC -XX:GCTimeRatio=4 -XX:AdaptiveSizePolicyWeight=90 -Dsun.zip.disableMemoryMapping=true -Xmx1G -Xms100m -Xlog:disable -javaagent:c:\Users\Magma\.antigravity\extensions\redhat.java-1.12.0-win32-x64\lombok\lombok-1.18.24.jar -XX:+HeapDumpOnOutOfMemoryError -XX:HeapDumpPath=c:\Users\Magma\AppData\Roaming\Antigravity\User\workspaceStorage\78c1582425954f8468c50dc54b59d4e1\redhat.java c:\Users\Magma\.antigravity\extensions\redhat.java-1.12.0-win32-x64\server\plugins\org.eclipse.equinox.launcher_1.6.400.v20210924-0641.jar -configuration c:\Users\Magma\AppData\Roaming\Antigravity\User\globalStorage\redhat.java\1.12.0\config_win -data c:\Users\Magma\AppData\Roaming\Antigravity\User\workspaceStorage\78c1582425954f8468c50dc54b59d4e1\redhat.java\jdt_ws

Host: Intel(R) Xeon(R) CPU E3-1240 v3 @ 3.40GHz, 8 cores, 15G,  Windows 10 , 64 bit Build 19041 (10.0.19041.5915)
Time: Mon Mar 23 10:31:44 2026 Central Daylight Time elapsed time: 66.179997 seconds (0d 0h 1m 6s)

---------------  T H R E A D  ---------------

Current thread (0x000002ac7d99d640):  JavaThread "C2 CompilerThread0" daemon [_thread_in_native, id=38936, stack(0x000000e9fc800000,0x000000e9fc900000)]


Current CompileTask:
C2:  66180 6008       4       java.net.URI$Parser::parse (243 bytes)

Stack: [0x000000e9fc800000,0x000000e9fc900000]
Native frames: (J=compiled Java code, j=interpreted, Vv=VM code, C=native code)
V  [jvm.dll+0x67731a]
V  [jvm.dll+0x832284]
V  [jvm.dll+0x833a2e]
V  [jvm.dll+0x834093]
V  [jvm.dll+0x245775]
V  [jvm.dll+0xabd7b]
V  [jvm.dll+0xac30c]
V  [jvm.dll+0x363a97]
V  [jvm.dll+0x32e011]
V  [jvm.dll+0x32d4ba]
V  [jvm.dll+0x218681]
V  [jvm.dll+0x217aa1]
V  [jvm.dll+0x1a3f8d]
V  [jvm.dll+0x227498]
V  [jvm.dll+0x2255e5]
V  [jvm.dll+0x7e7e9b]
V  [jvm.dll+0x7e240a]
V  [jvm.dll+0x6761a5]
C  [ucrtbase.dll+0x21bb2]
C  [KERNEL32.DLL+0x17374]
C  [ntdll.dll+0x4cc91]


---------------  P R O C E S S  ---------------

Threads class SMR info:
_java_thread_list=0x000002ac0558c720, length=31, elements={
0x000002ac67bd9f60, 0x000002ac67c96f10, 0x000002ac67c98800, 0x000002ac7d99b010,
0x000002ac7d99b8d0, 0x000002ac7d99c190, 0x000002ac7d99ca50, 0x000002ac7d99d640,
0x000002ac67c9a750, 0x000002ac67c9d410, 0x000002ac7f5b4c30, 0x000002ac7f625730,
0x000002ac0099c470, 0x000002ac00bb6530, 0x000002ac00bb6a00, 0x000002ac00c39010,
0x000002ac00827620, 0x000002ac7f79e7e0, 0x000002ac7f79c630, 0x000002ac7f79cb00,
0x000002ac7f79cfd0, 0x000002ac7f79d4a0, 0x000002ac7f79e310, 0x000002ac7f79b7c0,
0x000002ac7f79bc90, 0x000002ac7f79c160, 0x000002ac7f79f180, 0x000002ac0254d6a0,
0x000002ac0254c360, 0x000002ac0254be90, 0x000002ac0254b020
}

Java Threads: ( => current thread )
  0x000002ac67bd9f60 JavaThread "main" [_thread_blocked, id=34436, stack(0x000000e9fbf00000,0x000000e9fc000000)]
  0x000002ac67c96f10 JavaThread "Reference Handler" daemon [_thread_blocked, id=47648, stack(0x000000e9fc200000,0x000000e9fc300000)]
  0x000002ac67c98800 JavaThread "Finalizer" daemon [_thread_blocked, id=28280, stack(0x000000e9fc300000,0x000000e9fc400000)]
  0x000002ac7d99b010 JavaThread "Signal Dispatcher" daemon [_thread_blocked, id=42312, stack(0x000000e9fc400000,0x000000e9fc500000)]
  0x000002ac7d99b8d0 JavaThread "Attach Listener" daemon [_thread_blocked, id=28452, stack(0x000000e9fc500000,0x000000e9fc600000)]
  0x000002ac7d99c190 JavaThread "Service Thread" daemon [_thread_blocked, id=25792, stack(0x000000e9fc600000,0x000000e9fc700000)]
  0x000002ac7d99ca50 JavaThread "Monitor Deflation Thread" daemon [_thread_blocked, id=52416, stack(0x000000e9fc700000,0x000000e9fc800000)]
=>0x000002ac7d99d640 JavaThread "C2 CompilerThread0" daemon [_thread_in_native, id=38936, stack(0x000000e9fc800000,0x000000e9fc900000)]
  0x000002ac67c9a750 JavaThread "C1 CompilerThread0" daemon [_thread_blocked, id=27848, stack(0x000000e9fc900000,0x000000e9fca00000)]
  0x000002ac67c9d410 JavaThread "Sweeper thread" daemon [_thread_blocked, id=16020, stack(0x000000e9fca00000,0x000000e9fcb00000)]
  0x000002ac7f5b4c30 JavaThread "Common-Cleaner" daemon [_thread_blocked, id=41620, stack(0x000000e9fcb00000,0x000000e9fcc00000)]
  0x000002ac7f625730 JavaThread "Notification Thread" daemon [_thread_blocked, id=42456, stack(0x000000e9fcc00000,0x000000e9fcd00000)]
  0x000002ac0099c470 JavaThread "Active Thread: Equinox Container: 8c4568e2-4a5d-4d39-ba1d-16be276a573d" [_thread_blocked, id=6264, stack(0x000000e9fd300000,0x000000e9fd400000)]
  0x000002ac00bb6530 JavaThread "Framework Event Dispatcher: Equinox Container: 8c4568e2-4a5d-4d39-ba1d-16be276a573d" daemon [_thread_blocked, id=16092, stack(0x000000e9fd400000,0x000000e9fd500000)]
  0x000002ac00bb6a00 JavaThread "Start Level: Equinox Container: 8c4568e2-4a5d-4d39-ba1d-16be276a573d" daemon [_thread_blocked, id=47484, stack(0x000000e9fd500000,0x000000e9fd600000)]
  0x000002ac00c39010 JavaThread "SCR Component Actor" daemon [_thread_blocked, id=8724, stack(0x000000e9fd600000,0x000000e9fd700000)]
  0x000002ac00827620 JavaThread "Worker-JM" [_thread_blocked, id=46964, stack(0x000000e9fda00000,0x000000e9fdb00000)]
  0x000002ac7f79e7e0 JavaThread "Worker-0: Initialize Workspace" [_thread_in_native, id=35240, stack(0x000000e9fd900000,0x000000e9fda00000)]
  0x000002ac7f79c630 JavaThread "Worker-1" [_thread_blocked, id=36540, stack(0x000000e9fdb00000,0x000000e9fdc00000)]
  0x000002ac7f79cb00 JavaThread "Worker-2" [_thread_blocked, id=2348, stack(0x000000e9fdd00000,0x000000e9fde00000)]
  0x000002ac7f79cfd0 JavaThread "Worker-3" [_thread_blocked, id=27728, stack(0x000000e9fde00000,0x000000e9fdf00000)]
  0x000002ac7f79d4a0 JavaThread "Java indexing" daemon [_thread_blocked, id=30732, stack(0x000000e9fdf00000,0x000000e9fe000000)]
  0x000002ac7f79e310 JavaThread "JNA Cleaner" daemon [_thread_blocked, id=10256, stack(0x000000e9fe000000,0x000000e9fe100000)]
  0x000002ac7f79b7c0 JavaThread "pool-2-thread-1" [_thread_blocked, id=24024, stack(0x000000e9fe300000,0x000000e9fe400000)]
  0x000002ac7f79bc90 JavaThread "pool-1-thread-1" [_thread_blocked, id=39268, stack(0x000000e9fe400000,0x000000e9fe500000)]
  0x000002ac7f79c160 JavaThread "Timer-0" [_thread_blocked, id=35216, stack(0x000000e9fdc00000,0x000000e9fdd00000)]
  0x000002ac7f79f180 JavaThread "Timer-1" [_thread_blocked, id=10920, stack(0x000000e9fe500000,0x000000e9fe600000)]
  0x000002ac0254d6a0 JavaThread "Timer-2" [_thread_blocked, id=15020, stack(0x000000e9fe600000,0x000000e9fe700000)]
  0x000002ac0254c360 JavaThread "Exec process" [_thread_blocked, id=3336, stack(0x000000e9fe900000,0x000000e9fea00000)]
  0x000002ac0254be90 JavaThread "Exec process Thread 2" [_thread_blocked, id=25088, stack(0x000000e9fea00000,0x000000e9feb00000)]
  0x000002ac0254b020 JavaThread "Exec process Thread 3" [_thread_blocked, id=25348, stack(0x000000e9feb00000,0x000000e9fec00000)]

Other Threads:
  0x000002ac7d98fc40 VMThread "VM Thread" [stack: 0x000000e9fc100000,0x000000e9fc200000] [id=23948]
  0x000002ac7f625c00 WatcherThread [stack: 0x000000e9fcd00000,0x000000e9fce00000] [id=23644]
  0x000002ac67beeb00 GCTaskThread "GC Thread#0" [stack: 0x000000e9fc000000,0x000000e9fc100000] [id=41180]
  0x000002ac004ea140 GCTaskThread "GC Thread#1" [stack: 0x000000e9fce00000,0x000000e9fcf00000] [id=44208]
  0x000002ac004ec9b0 GCTaskThread "GC Thread#2" [stack: 0x000000e9fcf00000,0x000000e9fd000000] [id=28456]
  0x000002ac004ecc60 GCTaskThread "GC Thread#3" [stack: 0x000000e9fd000000,0x000000e9fd100000] [id=3348]
  0x000002ac004ecf10 GCTaskThread "GC Thread#4" [stack: 0x000000e9fd100000,0x000000e9fd200000] [id=47236]
  0x000002ac004ed1c0 GCTaskThread "GC Thread#5" [stack: 0x000000e9fd200000,0x000000e9fd300000] [id=20896]
  0x000002ac00c1f050 GCTaskThread "GC Thread#6" [stack: 0x000000e9fd700000,0x000000e9fd800000] [id=34144]
  0x000002ac00c1f300 GCTaskThread "GC Thread#7" [stack: 0x000000e9fd800000,0x000000e9fd900000] [id=40712]

Threads with active compile tasks:
C2 CompilerThread0    66784 6008       4       java.net.URI$Parser::parse (243 bytes)

VM state: not at safepoint (normal execution)

VM Mutex/Monitor currently owned by a thread: None

Heap address: 0x00000000c0000000, size: 1024 MB, Compressed Oops mode: 32-bit

CDS archive(s) not mapped
Compressed class space mapped at: 0x0000000100000000-0x0000000140000000, reserved size: 1073741824
Narrow klass base: 0x0000000000000000, Narrow klass shift: 3, Narrow klass range: 0x140000000

GC Precious Log:
 CPUs: 8 total, 8 available
 Memory: 16325M
 Large Page Support: Disabled
 NUMA Support: Disabled
 Compressed Oops: Enabled (32-bit)
 Alignments: Space 512K, Generation 512K, Heap 2M
 Heap Min Capacity: 100M
 Heap Initial Capacity: 100M
 Heap Max Capacity: 1G
 Pre-touch: Disabled
 Parallel Workers: 8

Heap:
 PSYoungGen      total 16896K, used 15170K [0x00000000eab00000, 0x00000000ebd80000, 0x0000000100000000)
  eden space 15872K, 93% used [0x00000000eab00000,0x00000000eb980b60,0x00000000eba80000)
  from space 1024K, 31% used [0x00000000ebb80000,0x00000000ebbd0000,0x00000000ebc80000)
  to   space 512K, 0% used [0x00000000ebd00000,0x00000000ebd00000,0x00000000ebd80000)
 ParOldGen       total 68608K, used 50856K [0x00000000c0000000, 0x00000000c4300000, 0x00000000eab00000)
  object space 68608K, 74% used [0x00000000c0000000,0x00000000c31aa280,0x00000000c4300000)
 Metaspace       used 59711K, committed 60544K, reserved 1105920K
  class space    used 7302K, committed 7680K, reserved 1048576K

Card table byte_map: [0x000002ac7b230000,0x000002ac7b440000] _byte_map_base: 0x000002ac7ac30000

Marking Bits: (ParMarkBitMap*) 0x00007ffd62722cc0
 Begin Bits: [0x000002ac7b5a0000, 0x000002ac7c5a0000)
 End Bits:   [0x000002ac7c5a0000, 0x000002ac7d5a0000)

Polling page: 0x000002ac67290000

Metaspace:

Usage:
  Non-class:     51.18 MB used.
      Class:      7.13 MB used.
       Both:     58.31 MB used.

Virtual space:
  Non-class space:       56.00 MB reserved,      51.62 MB ( 92%) committed,  7 nodes.
      Class space:        1.00 GB reserved,       7.50 MB ( <1%) committed,  1 nodes.
             Both:        1.05 GB reserved,      59.12 MB (  5%) committed. 

Chunk freelists:
   Non-Class:  432.00 KB
       Class:  547.00 KB
        Both:  979.00 KB

MaxMetaspaceSize: unlimited
CompressedClassSpaceSize: 1.00 GB
Initial GC threshold: 21.00 MB
Current GC threshold: 97.31 MB
CDS: off
MetaspaceReclaimPolicy: balanced
 - commit_granule_bytes: 65536.
 - commit_granule_words: 8192.
 - virtual_space_node_default_size: 1048576.
 - enlarge_chunks_in_place: 1.
 - new_chunks_are_fully_committed: 0.
 - uncommit_free_chunks: 1.
 - use_allocation_guard: 0.
 - handle_deallocations: 1.


Internal statistics:

num_allocs_failed_limit: 9.
num_arena_births: 424.
num_arena_deaths: 14.
num_vsnodes_births: 8.
num_vsnodes_deaths: 0.
num_space_committed: 946.
num_space_uncommitted: 0.
num_chunks_returned_to_freelist: 23.
num_chunks_taken_from_freelist: 2565.
num_chunk_merges: 13.
num_chunk_splits: 1727.
num_chunks_enlarged: 1194.
num_purges: 2.
num_inconsistent_stats: 0.

CodeHeap 'non-profiled nmethods': size=120000Kb used=3359Kb max_used=3359Kb free=116640Kb
 bounds [0x000002ac73b20000, 0x000002ac73e70000, 0x000002ac7b050000]
CodeHeap 'profiled nmethods': size=120000Kb used=10198Kb max_used=10545Kb free=109801Kb
 bounds [0x000002ac6c5f0000, 0x000002ac6d040000, 0x000002ac73b20000]
CodeHeap 'non-nmethods': size=5760Kb used=1286Kb max_used=1331Kb free=4473Kb
 bounds [0x000002ac6c050000, 0x000002ac6c2c0000, 0x000002ac6c5f0000]
 total_blobs=5859 nmethods=5241 adapters=531
 compilation: enabled
              stopped_count=0, restarted_count=0
 full_count=0

Compilation events (20 events):
Event: 65.658 Thread 0x000002ac7d99d640 nmethod 5998 0x000002ac73e63810 code [0x000002ac73e63aa0, 0x000002ac73e647b0]
Event: 65.658 Thread 0x000002ac7d99d640 5999       4       sun.nio.fs.WindowsPath::getFileSystem (5 bytes)
Event: 65.659 Thread 0x000002ac7d99d640 nmethod 5999 0x000002ac73e65310 code [0x000002ac73e65480, 0x000002ac73e654f8]
Event: 65.704 Thread 0x000002ac7d99d640 6000       4       java.util.stream.StreamSupport::stream (19 bytes)
Event: 65.707 Thread 0x000002ac7d99d640 nmethod 6000 0x000002ac73e65610 code [0x000002ac73e657a0, 0x000002ac73e65958]
Event: 65.827 Thread 0x000002ac67c9a750 6001   !   3       org.eclipse.jdt.internal.core.JavaProject::getOption (42 bytes)
Event: 65.827 Thread 0x000002ac7d99d640 6007       4       org.eclipse.jdt.ls.core.internal.filesystem.JLSFsUtils::isProjectMetadataFile (71 bytes)
Event: 65.828 Thread 0x000002ac67c9a750 nmethod 6001 0x000002ac6c931090 code [0x000002ac6c931280, 0x000002ac6c931698]
Event: 65.828 Thread 0x000002ac67c9a750 6002       3       org.eclipse.jdt.internal.core.JavaProject::getEclipsePreferences (178 bytes)
Event: 65.831 Thread 0x000002ac67c9a750 nmethod 6002 0x000002ac6c69b010 code [0x000002ac6c69b380, 0x000002ac6c69cb78]
Event: 65.831 Thread 0x000002ac67c9a750 6003   !   3       org.eclipse.jdt.internal.core.JavaProject::checkPreferencesExist (32 bytes)
Event: 65.831 Thread 0x000002ac67c9a750 nmethod 6003 0x000002ac6ca2a990 code [0x000002ac6ca2ab60, 0x000002ac6ca2aef8]
Event: 65.831 Thread 0x000002ac67c9a750 6004       3       org.eclipse.jdt.internal.core.JavaModelManager::getOption (159 bytes)
Event: 65.833 Thread 0x000002ac67c9a750 nmethod 6004 0x000002ac6c698b10 code [0x000002ac6c698ec0, 0x000002ac6c69a838]
Event: 65.833 Thread 0x000002ac67c9a750 6005       3       org.eclipse.jdt.core.JavaCore::getOption (8 bytes)
Event: 65.834 Thread 0x000002ac67c9a750 nmethod 6005 0x000002ac6c930a10 code [0x000002ac6c930bc0, 0x000002ac6c930d68]
Event: 65.834 Thread 0x000002ac67c9a750 6006       3       org.eclipse.jdt.internal.core.JavaModelManager::getOption (113 bytes)
Event: 65.836 Thread 0x000002ac67c9a750 nmethod 6006 0x000002ac6cb68790 code [0x000002ac6cb68b40, 0x000002ac6cb6a328]
Event: 65.857 Thread 0x000002ac7d99d640 nmethod 6007 0x000002ac73e65b10 code [0x000002ac73e65d20, 0x000002ac73e66c08]
Event: 65.920 Thread 0x000002ac7d99d640 6008       4       java.net.URI$Parser::parse (243 bytes)

GC Heap History (20 events):
Event: 51.304 GC heap before
{Heap before GC invocations=25 (full 2):
 PSYoungGen      total 19968K, used 6777K [0x00000000eab00000, 0x00000000ec080000, 0x0000000100000000)
  eden space 19456K, 32% used [0x00000000eab00000,0x00000000eb11e5c0,0x00000000ebe00000)
  from space 512K, 100% used [0x00000000ec000000,0x00000000ec080000,0x00000000ec080000)
  to   space 1024K, 0% used [0x00000000ebe80000,0x00000000ebe80000,0x00000000ebf80000)
 ParOldGen       total 68608K, used 40041K [0x00000000c0000000, 0x00000000c4300000, 0x00000000eab00000)
  object space 68608K, 58% used [0x00000000c0000000,0x00000000c271a5c8,0x00000000c4300000)
 Metaspace       used 58932K, committed 59776K, reserved 1105920K
  class space    used 7224K, committed 7552K, reserved 1048576K
}
Event: 51.305 GC heap after
{Heap after GC invocations=25 (full 2):
 PSYoungGen      total 20480K, used 736K [0x00000000eab00000, 0x00000000ec080000, 0x0000000100000000)
  eden space 19456K, 0% used [0x00000000eab00000,0x00000000eab00000,0x00000000ebe00000)
  from space 1024K, 71% used [0x00000000ebe80000,0x00000000ebf38000,0x00000000ebf80000)
  to   space 1024K, 0% used [0x00000000ebf80000,0x00000000ebf80000,0x00000000ec080000)
 ParOldGen       total 68608K, used 40523K [0x00000000c0000000, 0x00000000c4300000, 0x00000000eab00000)
  object space 68608K, 59% used [0x00000000c0000000,0x00000000c2792db0,0x00000000c4300000)
 Metaspace       used 58932K, committed 59776K, reserved 1105920K
  class space    used 7224K, committed 7552K, reserved 1048576K
}
Event: 51.305 GC heap before
{Heap before GC invocations=26 (full 3):
 PSYoungGen      total 20480K, used 736K [0x00000000eab00000, 0x00000000ec080000, 0x0000000100000000)
  eden space 19456K, 0% used [0x00000000eab00000,0x00000000eab00000,0x00000000ebe00000)
  from space 1024K, 71% used [0x00000000ebe80000,0x00000000ebf38000,0x00000000ebf80000)
  to   space 1024K, 0% used [0x00000000ebf80000,0x00000000ebf80000,0x00000000ec080000)
 ParOldGen       total 68608K, used 40523K [0x00000000c0000000, 0x00000000c4300000, 0x00000000eab00000)
  object space 68608K, 59% used [0x00000000c0000000,0x00000000c2792db0,0x00000000c4300000)
 Metaspace       used 58932K, committed 59776K, reserved 1105920K
  class space    used 7224K, committed 7552K, reserved 1048576K
}
Event: 51.369 GC heap after
{Heap after GC invocations=26 (full 3):
 PSYoungGen      total 20480K, used 0K [0x00000000eab00000, 0x00000000ec080000, 0x0000000100000000)
  eden space 19456K, 0% used [0x00000000eab00000,0x00000000eab00000,0x00000000ebe00000)
  from space 1024K, 0% used [0x00000000ebe80000,0x00000000ebe80000,0x00000000ebf80000)
  to   space 1024K, 0% used [0x00000000ebf80000,0x00000000ebf80000,0x00000000ec080000)
 ParOldGen       total 68608K, used 39351K [0x00000000c0000000, 0x00000000c4300000, 0x00000000eab00000)
  object space 68608K, 57% used [0x00000000c0000000,0x00000000c266dc78,0x00000000c4300000)
 Metaspace       used 58932K, committed 59776K, reserved 1105920K
  class space    used 7224K, committed 7552K, reserved 1048576K
}
Event: 52.302 GC heap before
{Heap before GC invocations=27 (full 3):
 PSYoungGen      total 20480K, used 19456K [0x00000000eab00000, 0x00000000ec080000, 0x0000000100000000)
  eden space 19456K, 100% used [0x00000000eab00000,0x00000000ebe00000,0x00000000ebe00000)
  from space 1024K, 0% used [0x00000000ebe80000,0x00000000ebe80000,0x00000000ebf80000)
  to   space 1024K, 0% used [0x00000000ebf80000,0x00000000ebf80000,0x00000000ec080000)
 ParOldGen       total 68608K, used 39351K [0x00000000c0000000, 0x00000000c4300000, 0x00000000eab00000)
  object space 68608K, 57% used [0x00000000c0000000,0x00000000c266dc78,0x00000000c4300000)
 Metaspace       used 59341K, committed 60160K, reserved 1105920K
  class space    used 7282K, committed 7616K, reserved 1048576K
}
Event: 52.304 GC heap after
{Heap after GC invocations=27 (full 3):
 PSYoungGen      total 19456K, used 1024K [0x00000000eab00000, 0x00000000ec300000, 0x0000000100000000)
  eden space 18432K, 0% used [0x00000000eab00000,0x00000000eab00000,0x00000000ebd00000)
  from space 1024K, 100% used [0x00000000ebf80000,0x00000000ec080000,0x00000000ec080000)
  to   space 2560K, 0% used [0x00000000ebd00000,0x00000000ebd00000,0x00000000ebf80000)
 ParOldGen       total 68608K, used 40239K [0x00000000c0000000, 0x00000000c4300000, 0x00000000eab00000)
  object space 68608K, 58% used [0x00000000c0000000,0x00000000c274bc98,0x00000000c4300000)
 Metaspace       used 59341K, committed 60160K, reserved 1105920K
  class space    used 7282K, committed 7616K, reserved 1048576K
}
Event: 52.779 GC heap before
{Heap before GC invocations=28 (full 3):
 PSYoungGen      total 19456K, used 19456K [0x00000000eab00000, 0x00000000ec300000, 0x0000000100000000)
  eden space 18432K, 100% used [0x00000000eab00000,0x00000000ebd00000,0x00000000ebd00000)
  from space 1024K, 100% used [0x00000000ebf80000,0x00000000ec080000,0x00000000ec080000)
  to   space 2560K, 0% used [0x00000000ebd00000,0x00000000ebd00000,0x00000000ebf80000)
 ParOldGen       total 68608K, used 40239K [0x00000000c0000000, 0x00000000c4300000, 0x00000000eab00000)
  object space 68608K, 58% used [0x00000000c0000000,0x00000000c274bc98,0x00000000c4300000)
 Metaspace       used 59401K, committed 60224K, reserved 1105920K
  class space    used 7282K, committed 7616K, reserved 1048576K
}
Event: 52.782 GC heap after
{Heap after GC invocations=28 (full 3):
 PSYoungGen      total 20480K, used 1792K [0x00000000eab00000, 0x00000000ec100000, 0x0000000100000000)
  eden space 18432K, 0% used [0x00000000eab00000,0x00000000eab00000,0x00000000ebd00000)
  from space 2048K, 87% used [0x00000000ebd00000,0x00000000ebec0000,0x00000000ebf00000)
  to   space 2048K, 0% used [0x00000000ebf00000,0x00000000ebf00000,0x00000000ec100000)
 ParOldGen       total 68608K, used 41283K [0x00000000c0000000, 0x00000000c4300000, 0x00000000eab00000)
  object space 68608K, 60% used [0x00000000c0000000,0x00000000c2850ca8,0x00000000c4300000)
 Metaspace       used 59401K, committed 60224K, reserved 1105920K
  class space    used 7282K, committed 7616K, reserved 1048576K
}
Event: 52.987 GC heap before
{Heap before GC invocations=29 (full 3):
 PSYoungGen      total 20480K, used 20224K [0x00000000eab00000, 0x00000000ec100000, 0x0000000100000000)
  eden space 18432K, 100% used [0x00000000eab00000,0x00000000ebd00000,0x00000000ebd00000)
  from space 2048K, 87% used [0x00000000ebd00000,0x00000000ebec0000,0x00000000ebf00000)
  to   space 2048K, 0% used [0x00000000ebf00000,0x00000000ebf00000,0x00000000ec100000)
 ParOldGen       total 68608K, used 41283K [0x00000000c0000000, 0x00000000c4300000, 0x00000000eab00000)
  object space 68608K, 60% used [0x00000000c0000000,0x00000000c2850ca8,0x00000000c4300000)
 Metaspace       used 59459K, committed 60352K, reserved 1105920K
  class space    used 7293K, committed 7680K, reserved 1048576K
}
Event: 52.990 GC heap after
{Heap after GC invocations=29 (full 3):
 PSYoungGen      total 17920K, used 2016K [0x00000000eab00000, 0x00000000ec600000, 0x0000000100000000)
  eden space 15872K, 0% used [0x00000000eab00000,0x00000000eab00000,0x00000000eba80000)
  from space 2048K, 98% used [0x00000000ebf00000,0x00000000ec0f8010,0x00000000ec100000)
  to   space 4608K, 0% used [0x00000000eba80000,0x00000000eba80000,0x00000000ebf00000)
 ParOldGen       total 68608K, used 43323K [0x00000000c0000000, 0x00000000c4300000, 0x00000000eab00000)
  object space 68608K, 63% used [0x00000000c0000000,0x00000000c2a4ecb8,0x00000000c4300000)
 Metaspace       used 59459K, committed 60352K, reserved 1105920K
  class space    used 7293K, committed 7680K, reserved 1048576K
}
Event: 53.147 GC heap before
{Heap before GC invocations=30 (full 3):
 PSYoungGen      total 17920K, used 17888K [0x00000000eab00000, 0x00000000ec600000, 0x0000000100000000)
  eden space 15872K, 100% used [0x00000000eab00000,0x00000000eba80000,0x00000000eba80000)
  from space 2048K, 98% used [0x00000000ebf00000,0x00000000ec0f8010,0x00000000ec100000)
  to   space 4608K, 0% used [0x00000000eba80000,0x00000000eba80000,0x00000000ebf00000)
 ParOldGen       total 68608K, used 43323K [0x00000000c0000000, 0x00000000c4300000, 0x00000000eab00000)
  object space 68608K, 63% used [0x00000000c0000000,0x00000000c2a4ecb8,0x00000000c4300000)
 Metaspace       used 59459K, committed 60352K, reserved 1105920K
  class space    used 7293K, committed 7680K, reserved 1048576K
}
Event: 53.153 GC heap after
{Heap after GC invocations=30 (full 3):
 PSYoungGen      total 17920K, used 1824K [0x00000000eab00000, 0x00000000ec080000, 0x0000000100000000)
  eden space 15872K, 0% used [0x00000000eab00000,0x00000000eab00000,0x00000000eba80000)
  from space 2048K, 89% used [0x00000000eba80000,0x00000000ebc48000,0x00000000ebc80000)
  to   space 3072K, 0% used [0x00000000ebd80000,0x00000000ebd80000,0x00000000ec080000)
 ParOldGen       total 68608K, used 45363K [0x00000000c0000000, 0x00000000c4300000, 0x00000000eab00000)
  object space 68608K, 66% used [0x00000000c0000000,0x00000000c2c4cf18,0x00000000c4300000)
 Metaspace       used 59459K, committed 60352K, reserved 1105920K
  class space    used 7293K, committed 7680K, reserved 1048576K
}
Event: 53.196 GC heap before
{Heap before GC invocations=31 (full 3):
 PSYoungGen      total 17920K, used 17696K [0x00000000eab00000, 0x00000000ec080000, 0x0000000100000000)
  eden space 15872K, 100% used [0x00000000eab00000,0x00000000eba80000,0x00000000eba80000)
  from space 2048K, 89% used [0x00000000eba80000,0x00000000ebc48000,0x00000000ebc80000)
  to   space 3072K, 0% used [0x00000000ebd80000,0x00000000ebd80000,0x00000000ec080000)
 ParOldGen       total 68608K, used 45363K [0x00000000c0000000, 0x00000000c4300000, 0x00000000eab00000)
  object space 68608K, 66% used [0x00000000c0000000,0x00000000c2c4cf18,0x00000000c4300000)
 Metaspace       used 59459K, committed 60352K, reserved 1105920K
  class space    used 7293K, committed 7680K, reserved 1048576K
}
Event: 53.199 GC heap after
{Heap after GC invocations=31 (full 3):
 PSYoungGen      total 18432K, used 2080K [0x00000000eab00000, 0x00000000ec000000, 0x0000000100000000)
  eden space 15872K, 0% used [0x00000000eab00000,0x00000000eab00000,0x00000000eba80000)
  from space 2560K, 81% used [0x00000000ebd80000,0x00000000ebf88010,0x00000000ec000000)
  to   space 2560K, 0% used [0x00000000ebb00000,0x00000000ebb00000,0x00000000ebd80000)
 ParOldGen       total 68608K, used 47091K [0x00000000c0000000, 0x00000000c4300000, 0x00000000eab00000)
  object space 68608K, 68% used [0x00000000c0000000,0x00000000c2dfcf18,0x00000000c4300000)
 Metaspace       used 59459K, committed 60352K, reserved 1105920K
  class space    used 7293K, committed 7680K, reserved 1048576K
}
Event: 53.256 GC heap before
{Heap before GC invocations=32 (full 3):
 PSYoungGen      total 18432K, used 17952K [0x00000000eab00000, 0x00000000ec000000, 0x0000000100000000)
  eden space 15872K, 100% used [0x00000000eab00000,0x00000000eba80000,0x00000000eba80000)
  from space 2560K, 81% used [0x00000000ebd80000,0x00000000ebf88010,0x00000000ec000000)
  to   space 2560K, 0% used [0x00000000ebb00000,0x00000000ebb00000,0x00000000ebd80000)
 ParOldGen       total 68608K, used 47091K [0x00000000c0000000, 0x00000000c4300000, 0x00000000eab00000)
  object space 68608K, 68% used [0x00000000c0000000,0x00000000c2dfcf18,0x00000000c4300000)
 Metaspace       used 59463K, committed 60352K, reserved 1105920K
  class space    used 7293K, committed 7680K, reserved 1048576K
}
Event: 53.260 GC heap after
{Heap after GC invocations=32 (full 3):
 PSYoungGen      total 17920K, used 1600K [0x00000000eab00000, 0x00000000ebe80000, 0x0000000100000000)
  eden space 15872K, 0% used [0x00000000eab00000,0x00000000eab00000,0x00000000eba80000)
  from space 2048K, 78% used [0x00000000ebb00000,0x00000000ebc90000,0x00000000ebd00000)
  to   space 1536K, 0% used [0x00000000ebd00000,0x00000000ebd00000,0x00000000ebe80000)
 ParOldGen       total 68608K, used 49075K [0x00000000c0000000, 0x00000000c4300000, 0x00000000eab00000)
  object space 68608K, 71% used [0x00000000c0000000,0x00000000c2fecf28,0x00000000c4300000)
 Metaspace       used 59463K, committed 60352K, reserved 1105920K
  class space    used 7293K, committed 7680K, reserved 1048576K
}
Event: 57.276 GC heap before
{Heap before GC invocations=33 (full 3):
 PSYoungGen      total 17920K, used 17472K [0x00000000eab00000, 0x00000000ebe80000, 0x0000000100000000)
  eden space 15872K, 100% used [0x00000000eab00000,0x00000000eba80000,0x00000000eba80000)
  from space 2048K, 78% used [0x00000000ebb00000,0x00000000ebc90000,0x00000000ebd00000)
  to   space 1536K, 0% used [0x00000000ebd00000,0x00000000ebd00000,0x00000000ebe80000)
 ParOldGen       total 68608K, used 49075K [0x00000000c0000000, 0x00000000c4300000, 0x00000000eab00000)
  object space 68608K, 71% used [0x00000000c0000000,0x00000000c2fecf28,0x00000000c4300000)
 Metaspace       used 59513K, committed 60352K, reserved 1105920K
  class space    used 7295K, committed 7680K, reserved 1048576K
}
Event: 57.279 GC heap after
{Heap after GC invocations=33 (full 3):
 PSYoungGen      total 16384K, used 416K [0x00000000eab00000, 0x00000000ebd80000, 0x0000000100000000)
  eden space 15872K, 0% used [0x00000000eab00000,0x00000000eab00000,0x00000000eba80000)
  from space 512K, 81% used [0x00000000ebd00000,0x00000000ebd68000,0x00000000ebd80000)
  to   space 1024K, 0% used [0x00000000ebb80000,0x00000000ebb80000,0x00000000ebc80000)
 ParOldGen       total 68608K, used 50568K [0x00000000c0000000, 0x00000000c4300000, 0x00000000eab00000)
  object space 68608K, 73% used [0x00000000c0000000,0x00000000c3162280,0x00000000c4300000)
 Metaspace       used 59513K, committed 60352K, reserved 1105920K
  class space    used 7295K, committed 7680K, reserved 1048576K
}
Event: 61.597 GC heap before
{Heap before GC invocations=34 (full 3):
 PSYoungGen      total 16384K, used 16288K [0x00000000eab00000, 0x00000000ebd80000, 0x0000000100000000)
  eden space 15872K, 100% used [0x00000000eab00000,0x00000000eba80000,0x00000000eba80000)
  from space 512K, 81% used [0x00000000ebd00000,0x00000000ebd68000,0x00000000ebd80000)
  to   space 1024K, 0% used [0x00000000ebb80000,0x00000000ebb80000,0x00000000ebc80000)
 ParOldGen       total 68608K, used 50568K [0x00000000c0000000, 0x00000000c4300000, 0x00000000eab00000)
  object space 68608K, 73% used [0x00000000c0000000,0x00000000c3162280,0x00000000c4300000)
 Metaspace       used 59545K, committed 60352K, reserved 1105920K
  class space    used 7297K, committed 7680K, reserved 1048576K
}
Event: 61.598 GC heap after
{Heap after GC invocations=34 (full 3):
 PSYoungGen      total 16896K, used 320K [0x00000000eab00000, 0x00000000ebd80000, 0x0000000100000000)
  eden space 15872K, 0% used [0x00000000eab00000,0x00000000eab00000,0x00000000eba80000)
  from space 1024K, 31% used [0x00000000ebb80000,0x00000000ebbd0000,0x00000000ebc80000)
  to   space 512K, 0% used [0x00000000ebd00000,0x00000000ebd00000,0x00000000ebd80000)
 ParOldGen       total 68608K, used 50856K [0x00000000c0000000, 0x00000000c4300000, 0x00000000eab00000)
  object space 68608K, 74% used [0x00000000c0000000,0x00000000c31aa280,0x00000000c4300000)
 Metaspace       used 59545K, committed 60352K, reserved 1105920K
  class space    used 7297K, committed 7680K, reserved 1048576K
}

Deoptimization events (20 events):
Event: 52.728 Thread 0x000002ac7f79e7e0 Uncommon trap: trap_request=0xffffffbe fr.pc=0x000002ac73e14364 relative=0x0000000000000624
Event: 52.728 Thread 0x000002ac7f79e7e0 Uncommon trap: reason=profile_predicate action=maybe_recompile pc=0x000002ac73e14364 method=org.eclipse.jdt.internal.core.util.HashtableOfArrayToObject.get([Ljava/lang/Object;)Ljava/lang/Object; @ 64 c2
Event: 52.728 Thread 0x000002ac7f79e7e0 DEOPT PACKING pc=0x000002ac73e14364 sp=0x000000e9fd9fdcb0
Event: 52.728 Thread 0x000002ac7f79e7e0 DEOPT UNPACKING pc=0x000002ac6c0a20a3 sp=0x000000e9fd9fdc60 mode 2
Event: 52.762 Thread 0x000002ac7f79e7e0 Uncommon trap: trap_request=0xffffffbe fr.pc=0x000002ac73e14364 relative=0x0000000000000624
Event: 52.762 Thread 0x000002ac7f79e7e0 Uncommon trap: reason=profile_predicate action=maybe_recompile pc=0x000002ac73e14364 method=org.eclipse.jdt.internal.core.util.HashtableOfArrayToObject.get([Ljava/lang/Object;)Ljava/lang/Object; @ 64 c2
Event: 52.763 Thread 0x000002ac7f79e7e0 DEOPT PACKING pc=0x000002ac73e14364 sp=0x000000e9fd9fdfe0
Event: 52.763 Thread 0x000002ac7f79e7e0 DEOPT UNPACKING pc=0x000002ac6c0a20a3 sp=0x000000e9fd9fdfa0 mode 2
Event: 52.939 Thread 0x000002ac7f79e7e0 Uncommon trap: trap_request=0xffffffbe fr.pc=0x000002ac73e211dc relative=0x0000000000002a7c
Event: 52.939 Thread 0x000002ac7f79e7e0 Uncommon trap: reason=profile_predicate action=maybe_recompile pc=0x000002ac73e211dc method=org.eclipse.jdt.internal.core.util.HashtableOfArrayToObject.get([Ljava/lang/Object;)Ljava/lang/Object; @ 64 c2
Event: 52.939 Thread 0x000002ac7f79e7e0 DEOPT PACKING pc=0x000002ac73e211dc sp=0x000000e9fd9fe850
Event: 52.939 Thread 0x000002ac7f79e7e0 DEOPT UNPACKING pc=0x000002ac6c0a20a3 sp=0x000000e9fd9fe7b0 mode 2
Event: 53.573 Thread 0x000002ac7f79e7e0 DEOPT PACKING pc=0x000002ac6cf15183 sp=0x000000e9fd9fe160
Event: 53.573 Thread 0x000002ac7f79e7e0 DEOPT UNPACKING pc=0x000002ac6c0a2843 sp=0x000000e9fd9fd6b8 mode 0
Event: 54.577 Thread 0x000002ac7f79e7e0 DEOPT PACKING pc=0x000002ac6cf15183 sp=0x000000e9fd9fe740
Event: 54.577 Thread 0x000002ac7f79e7e0 DEOPT UNPACKING pc=0x000002ac6c0a2843 sp=0x000000e9fd9fdc98 mode 0
Event: 56.111 Thread 0x000002ac7f79bc90 Uncommon trap: trap_request=0xffffffcc fr.pc=0x000002ac73e49444 relative=0x0000000000000124
Event: 56.111 Thread 0x000002ac7f79bc90 Uncommon trap: reason=intrinsic_or_type_checked_inlining action=make_not_entrant pc=0x000002ac73e49444 method=java.util.ArrayList.toArray([Ljava/lang/Object;)[Ljava/lang/Object; @ 36 c2
Event: 56.111 Thread 0x000002ac7f79bc90 DEOPT PACKING pc=0x000002ac73e49444 sp=0x000000e9fe4fe050
Event: 56.111 Thread 0x000002ac7f79bc90 DEOPT UNPACKING pc=0x000002ac6c0a20a3 sp=0x000000e9fe4fdff0 mode 2

Classes unloaded (7 events):
Event: 14.027 Thread 0x000002ac7d98fc40 Unloading class 0x000000010020d000 'java/lang/invoke/LambdaForm$MH+0x000000010020d000'
Event: 14.027 Thread 0x000002ac7d98fc40 Unloading class 0x000000010020cc00 'java/lang/invoke/LambdaForm$MH+0x000000010020cc00'
Event: 14.027 Thread 0x000002ac7d98fc40 Unloading class 0x000000010020c800 'java/lang/invoke/LambdaForm$MH+0x000000010020c800'
Event: 14.027 Thread 0x000002ac7d98fc40 Unloading class 0x000000010020c400 'java/lang/invoke/LambdaForm$MH+0x000000010020c400'
Event: 14.027 Thread 0x000002ac7d98fc40 Unloading class 0x000000010020bc00 'java/lang/invoke/LambdaForm$BMH+0x000000010020bc00'
Event: 14.027 Thread 0x000002ac7d98fc40 Unloading class 0x000000010020b800 'java/lang/invoke/LambdaForm$DMH+0x000000010020b800'
Event: 14.027 Thread 0x000002ac7d98fc40 Unloading class 0x0000000100209000 'java/lang/invoke/LambdaForm$DMH+0x0000000100209000'

Classes redefined (0 events):
No events

Internal exceptions (20 events):
Event: 30.920 Thread 0x000002ac0254ab50 Exception <a 'java/lang/NoSuchMethodError'{0x00000000eb88f038}: 'java.lang.Object java.lang.invoke.Invokers$Holder.invoker(java.lang.Object, java.lang.Object, java.lang.Object)'> (0x00000000eb88f038) 
thrown [s\src\hotspot\share\interpreter\linkResolver.cpp, line 759]
Event: 34.762 Thread 0x000002ac0254ab50 Exception <a 'java/lang/NoSuchMethodError'{0x00000000eb00aa90}: 'int java.lang.invoke.DirectMethodHandle$Holder.invokeSpecial(java.lang.Object, java.lang.Object, java.lang.Object, java.lang.Object)'> (0x00000000eb00aa90) 
thrown [s\src\hotspot\share\interpreter\linkResolver.cpp, line 759]
Event: 40.676 Thread 0x000002ac0254ab50 Exception <a 'java/lang/NoSuchMethodError'{0x00000000ebef9ce8}: 'java.lang.Object java.lang.invoke.DirectMethodHandle$Holder.invokeSpecial(java.lang.Object, java.lang.Object, java.lang.Object, int, java.lang.Object, java.lang.Object)'> (0x00000000ebef9ce8) 
thrown [s\src\hotspot\share\interpreter\linkResolver.cpp, line 759]
Event: 42.098 Thread 0x000002ac0254ab50 Exception <a 'java/lang/NoClassDefFoundError'{0x00000000eab81928}: org/slf4j/impl/StaticMarkerBinder> (0x00000000eab81928) 
thrown [s\src\hotspot\share\classfile\systemDictionary.cpp, line 245]
Event: 43.321 Thread 0x000002ac0254ab50 Exception <a 'java/lang/NoSuchMethodError'{0x00000000ebb87170}: 'int java.lang.invoke.DirectMethodHandle$Holder.invokeVirtual(java.lang.Object, java.lang.Object, java.lang.Object)'> (0x00000000ebb87170) 
thrown [s\src\hotspot\share\interpreter\linkResolver.cpp, line 759]
Event: 43.880 Thread 0x000002ac0254c360 Exception <a 'java/lang/NoSuchMethodError'{0x00000000ead944c8}: 'void java.lang.invoke.DirectMethodHandle$Holder.invokeStatic(java.lang.Object, long)'> (0x00000000ead944c8) 
thrown [s\src\hotspot\share\interpreter\linkResolver.cpp, line 759]
Event: 43.881 Thread 0x000002ac0254c360 Exception <a 'java/lang/NoSuchMethodError'{0x00000000ead99b18}: 'java.lang.Object java.lang.invoke.DirectMethodHandle$Holder.newInvokeSpecial(java.lang.Object, long)'> (0x00000000ead99b18) 
thrown [s\src\hotspot\share\interpreter\linkResolver.cpp, line 759]
Event: 43.885 Thread 0x000002ac0254c360 Exception <a 'java/lang/NoSuchMethodError'{0x00000000eadab878}: 'java.lang.Object java.lang.invoke.DirectMethodHandle$Holder.invokeStatic(java.lang.Object, java.lang.Object, long, java.lang.Object)'> (0x00000000eadab878) 
thrown [s\src\hotspot\share\interpreter\linkResolver.cpp, line 759]
Event: 43.886 Thread 0x000002ac0254c360 Exception <a 'java/lang/NoSuchMethodError'{0x00000000eadaf310}: 'java.lang.Object java.lang.invoke.DirectMethodHandle$Holder.invokeStaticInit(java.lang.Object, java.lang.Object, long, java.lang.Object)'> (0x00000000eadaf310) 
thrown [s\src\hotspot\share\interpreter\linkResolver.cpp, line 759]
Event: 43.886 Thread 0x000002ac0254c360 Exception <a 'java/lang/NoSuchMethodError'{0x00000000eadb5920}: 'java.lang.Object java.lang.invoke.DirectMethodHandle$Holder.newInvokeSpecial(java.lang.Object, java.lang.Object, long)'> (0x00000000eadb5920) 
thrown [s\src\hotspot\share\interpreter\linkResolver.cpp, line 759]
Event: 43.887 Thread 0x000002ac0254c360 Exception <a 'java/lang/NoSuchMethodError'{0x00000000eadb9490}: 'java.lang.Object java.lang.invoke.Invokers$Holder.linkToTargetMethod(java.lang.Object, long, java.lang.Object)'> (0x00000000eadb9490) 
thrown [s\src\hotspot\share\interpreter\linkResolver.cpp, line 759]
Event: 45.464 Thread 0x000002ac0254c360 Exception <a 'java/lang/NoSuchMethodError'{0x00000000eaddc0f8}: 'void java.lang.invoke.DirectMethodHandle$Holder.invokeSpecial(java.lang.Object, java.lang.Object, int)'> (0x00000000eaddc0f8) 
thrown [s\src\hotspot\share\interpreter\linkResolver.cpp, line 759]
Event: 45.468 Thread 0x000002ac0254c360 Exception <a 'java/lang/NoSuchMethodError'{0x00000000eade1ed8}: 'java.lang.Object java.lang.invoke.DirectMethodHandle$Holder.newInvokeSpecial(java.lang.Object, java.lang.Object, int)'> (0x00000000eade1ed8) 
thrown [s\src\hotspot\share\interpreter\linkResolver.cpp, line 759]
Event: 50.741 Thread 0x000002ac7f79c630 Exception <a 'java/lang/ClassNotFoundException'{0x00000000eb9790e0}: sun/misc/SharedSecrets> (0x00000000eb9790e0) 
thrown [s\src\hotspot\share\classfile\systemDictionary.cpp, line 256]
Event: 50.793 Thread 0x000002ac7f79e7e0 Exception <a 'java/lang/NoSuchMethodError'{0x00000000ebab66b0}: 'int java.lang.invoke.DirectMethodHandle$Holder.invokeInterface(java.lang.Object, java.lang.Object)'> (0x00000000ebab66b0) 
thrown [s\src\hotspot\share\interpreter\linkResolver.cpp, line 759]
Event: 50.794 Thread 0x000002ac7f79e7e0 Exception <a 'java/lang/IncompatibleClassChangeError'{0x00000000ebab9998}: Found class java.lang.Object, but interface was expected> (0x00000000ebab9998) 
thrown [s\src\hotspot\share\interpreter\linkResolver.cpp, line 826]
Event: 50.882 Thread 0x000002ac7f79e7e0 Exception <a 'java/lang/NoSuchMethodError'{0x00000000ebce8cd0}: 'java.lang.Object java.lang.invoke.Invokers$Holder.invoke_MT(java.lang.Object, java.lang.Object, java.lang.Object)'> (0x00000000ebce8cd0) 
thrown [s\src\hotspot\share\interpreter\linkResolver.cpp, line 759]
Event: 51.857 Thread 0x000002ac7f79e7e0 Exception <a 'java/io/FileNotFoundException'{0x00000000eb9af028}> (0x00000000eb9af028) 
thrown [s\src\hotspot\share\prims\jni.cpp, line 516]
Event: 51.858 Thread 0x000002ac7f79e7e0 Exception <a 'java/io/FileNotFoundException'{0x00000000eb9b0968}> (0x00000000eb9b0968) 
thrown [s\src\hotspot\share\prims\jni.cpp, line 516]
Event: 51.860 Thread 0x000002ac7f79e7e0 Exception <a 'java/lang/NoSuchMethodError'{0x00000000eb9bc9b0}: 'void java.lang.invoke.DirectMethodHandle$Holder.invokeStaticInit(java.lang.Object, java.lang.Object, java.lang.Object)'> (0x00000000eb9bc9b0) 
thrown [s\src\hotspot\share\interpreter\linkResolver.cpp, line 759]

VM Operations (20 events):
Event: 53.256 Executing VM operation: ParallelGCFailedAllocation
Event: 53.260 Executing VM operation: ParallelGCFailedAllocation done
Event: 54.261 Executing VM operation: Cleanup
Event: 54.261 Executing VM operation: Cleanup done
Event: 56.261 Executing VM operation: Cleanup
Event: 56.261 Executing VM operation: Cleanup done
Event: 57.276 Executing VM operation: ParallelGCFailedAllocation
Event: 57.279 Executing VM operation: ParallelGCFailedAllocation done
Event: 58.279 Executing VM operation: Cleanup
Event: 58.279 Executing VM operation: Cleanup done
Event: 59.279 Executing VM operation: Cleanup
Event: 59.279 Executing VM operation: Cleanup done
Event: 61.280 Executing VM operation: Cleanup
Event: 61.280 Executing VM operation: Cleanup done
Event: 61.597 Executing VM operation: ParallelGCFailedAllocation
Event: 61.598 Executing VM operation: ParallelGCFailedAllocation done
Event: 63.598 Executing VM operation: Cleanup
Event: 63.598 Executing VM operation: Cleanup done
Event: 65.612 Executing VM operation: Cleanup
Event: 65.612 Executing VM operation: Cleanup done

Events (20 events):
Event: 51.218 loading class java/util/regex/Pattern$BackRef
Event: 51.218 loading class java/util/regex/Pattern$BackRef done
Event: 51.241 loading class java/lang/ThreadLocal$SuppliedThreadLocal
Event: 51.242 loading class java/lang/ThreadLocal$SuppliedThreadLocal done
Event: 51.438 loading class java/nio/channels/Channels$ReadableByteChannelImpl
Event: 51.439 loading class java/nio/channels/Channels$ReadableByteChannelImpl done
Event: 51.439 loading class java/nio/channels/NonWritableChannelException
Event: 51.439 loading class java/nio/channels/NonWritableChannelException done
Event: 51.439 loading class sun/nio/ch/ChannelInputStream
Event: 51.439 loading class sun/nio/ch/ChannelInputStream done
Event: 52.254 Thread 0x000002ac04f05e20 Thread added: 0x000002ac04f05e20
Event: 53.510 Thread 0x000002ac04f05e20 Thread exited: 0x000002ac04f05e20
Event: 60.067 loading class java/time/Instant
Event: 60.090 loading class java/time/temporal/Temporal
Event: 60.106 loading class java/time/temporal/TemporalAccessor
Event: 60.106 loading class java/time/temporal/TemporalAccessor done
Event: 60.106 loading class java/time/temporal/Temporal done
Event: 60.106 loading class java/time/temporal/TemporalAdjuster
Event: 60.106 loading class java/time/temporal/TemporalAdjuster done
Event: 60.106 loading class java/time/Instant done


Dynamic libraries:
0x00007ff7359f0000 - 0x00007ff7359fe000 	c:\Users\Magma\.antigravity\extensions\redhat.java-1.12.0-win32-x64\jre\17.0.4.1-win32-x86_64\bin\java.exe
0x00007ffe1c050000 - 0x00007ffe1c248000 	C:\WINDOWS\SYSTEM32\ntdll.dll
0x00007ffe1aa40000 - 0x00007ffe1ab02000 	C:\WINDOWS\System32\KERNEL32.DLL
0x00007ffe19af0000 - 0x00007ffe19de6000 	C:\WINDOWS\System32\KERNELBASE.dll
0x00007ffdc70c0000 - 0x00007ffdc719b000 	C:\Program Files\Bitdefender\Endpoint Security\bdhkm\dlls_268327928672026128\bdhkm64.dll
0x00007ffdc6ee0000 - 0x00007ffdc70bc000 	C:\Program Files\Bitdefender\Endpoint Security\atcuf\dlls_268327928646726806\atcuf64.dll
0x00007ffe19800000 - 0x00007ffe19900000 	C:\WINDOWS\System32\ucrtbase.dll
0x00007ffdfefa0000 - 0x00007ffdfefb8000 	c:\Users\Magma\.antigravity\extensions\redhat.java-1.12.0-win32-x64\jre\17.0.4.1-win32-x86_64\bin\jli.dll
0x00007ffe1ae00000 - 0x00007ffe1afa1000 	C:\WINDOWS\System32\USER32.dll
0x00007ffe19ef0000 - 0x00007ffe19f12000 	C:\WINDOWS\System32\win32u.dll
0x00007ffe1bfe0000 - 0x00007ffe1c00b000 	C:\WINDOWS\System32\GDI32.dll
0x00007ffe19f50000 - 0x00007ffe1a069000 	C:\WINDOWS\System32\gdi32full.dll
0x00007ffe19760000 - 0x00007ffe197fd000 	C:\WINDOWS\System32\msvcp_win.dll
0x00007ffdfc3a0000 - 0x00007ffdfc3b9000 	c:\Users\Magma\.antigravity\extensions\redhat.java-1.12.0-win32-x64\jre\17.0.4.1-win32-x86_64\bin\VCRUNTIME140.dll
0x00007ffe00870000 - 0x00007ffe00b0b000 	C:\WINDOWS\WinSxS\amd64_microsoft.windows.common-controls_6595b64144ccf1df_6.0.19041.6456_none_60b8a6cb71f64256\COMCTL32.dll
0x00007ffe1b7f0000 - 0x00007ffe1b88e000 	C:\WINDOWS\System32\msvcrt.dll
0x00007ffe1b7c0000 - 0x00007ffe1b7ef000 	C:\WINDOWS\System32\IMM32.DLL
0x00007ffe13850000 - 0x00007ffe1385c000 	c:\Users\Magma\.antigravity\extensions\redhat.java-1.12.0-win32-x64\jre\17.0.4.1-win32-x86_64\bin\vcruntime140_1.dll
0x00007ffdc9e70000 - 0x00007ffdc9f01000 	c:\Users\Magma\.antigravity\extensions\redhat.java-1.12.0-win32-x64\jre\17.0.4.1-win32-x86_64\bin\msvcp140.dll
0x00007ffd61ba0000 - 0x00007ffd627e6000 	c:\Users\Magma\.antigravity\extensions\redhat.java-1.12.0-win32-x64\jre\17.0.4.1-win32-x86_64\bin\server\jvm.dll
0x00007ffe1b370000 - 0x00007ffe1b421000 	C:\WINDOWS\System32\ADVAPI32.dll
0x00007ffe1a1d0000 - 0x00007ffe1a26f000 	C:\WINDOWS\System32\sechost.dll
0x00007ffe1ace0000 - 0x00007ffe1ae00000 	C:\WINDOWS\System32\RPCRT4.dll
0x00007ffe19f20000 - 0x00007ffe19f47000 	C:\WINDOWS\System32\bcrypt.dll
0x00007ffe1bfd0000 - 0x00007ffe1bfd8000 	C:\WINDOWS\System32\PSAPI.DLL
0x00007ffdfc5e0000 - 0x00007ffdfc5e9000 	C:\WINDOWS\SYSTEM32\WSOCK32.dll
0x00007ffe1b430000 - 0x00007ffe1b49b000 	C:\WINDOWS\System32\WS2_32.dll
0x00007ffe0a3c0000 - 0x00007ffe0a3e7000 	C:\WINDOWS\SYSTEM32\WINMM.dll
0x00007ffe10520000 - 0x00007ffe1052a000 	C:\WINDOWS\SYSTEM32\VERSION.dll
0x00007ffe175f0000 - 0x00007ffe17602000 	C:\WINDOWS\SYSTEM32\kernel.appcore.dll
0x00007ffdfe860000 - 0x00007ffdfe86a000 	c:\Users\Magma\.antigravity\extensions\redhat.java-1.12.0-win32-x64\jre\17.0.4.1-win32-x86_64\bin\jimage.dll
0x00007ffe08c90000 - 0x00007ffe08e91000 	C:\WINDOWS\SYSTEM32\DBGHELP.DLL
0x00007ffde37a0000 - 0x00007ffde37d4000 	C:\WINDOWS\SYSTEM32\dbgcore.DLL
0x00007ffe19900000 - 0x00007ffe19982000 	C:\WINDOWS\System32\bcryptPrimitives.dll
0x00007ffdfe300000 - 0x00007ffdfe30e000 	c:\Users\Magma\.antigravity\extensions\redhat.java-1.12.0-win32-x64\jre\17.0.4.1-win32-x86_64\bin\instrument.dll
0x00007ffdf8780000 - 0x00007ffdf87a5000 	c:\Users\Magma\.antigravity\extensions\redhat.java-1.12.0-win32-x64\jre\17.0.4.1-win32-x86_64\bin\java.dll
0x00007ffdf86d0000 - 0x00007ffdf86e8000 	c:\Users\Magma\.antigravity\extensions\redhat.java-1.12.0-win32-x64\jre\17.0.4.1-win32-x86_64\bin\zip.dll
0x00007ffe1a2d0000 - 0x00007ffe1aa40000 	C:\WINDOWS\System32\SHELL32.dll
0x00007ffe17cd0000 - 0x00007ffe18475000 	C:\WINDOWS\SYSTEM32\windows.storage.dll
0x00007ffe1afb0000 - 0x00007ffe1b304000 	C:\WINDOWS\System32\combase.dll
0x00007ffe19030000 - 0x00007ffe1905b000 	C:\WINDOWS\SYSTEM32\Wldp.dll
0x00007ffe1a100000 - 0x00007ffe1a1cd000 	C:\WINDOWS\System32\OLEAUT32.dll
0x00007ffe1b5f0000 - 0x00007ffe1b69d000 	C:\WINDOWS\System32\SHCORE.dll
0x00007ffe1a270000 - 0x00007ffe1a2cb000 	C:\WINDOWS\System32\shlwapi.dll
0x00007ffe19610000 - 0x00007ffe19634000 	C:\WINDOWS\SYSTEM32\profapi.dll
0x00007ffdf8690000 - 0x00007ffdf86a9000 	C:\Users\Magma\.antigravity\extensions\redhat.java-1.12.0-win32-x64\jre\17.0.4.1-win32-x86_64\bin\net.dll
0x00007ffe18660000 - 0x00007ffe1876a000 	C:\WINDOWS\SYSTEM32\WINHTTP.dll
0x00007ffe18e10000 - 0x00007ffe18e7a000 	C:\WINDOWS\system32\mswsock.dll
0x00007ffdf8670000 - 0x00007ffdf8685000 	C:\Users\Magma\.antigravity\extensions\redhat.java-1.12.0-win32-x64\jre\17.0.4.1-win32-x86_64\bin\nio.dll
0x00007ffdfcd80000 - 0x00007ffdfcd90000 	c:\Users\Magma\.antigravity\extensions\redhat.java-1.12.0-win32-x64\jre\17.0.4.1-win32-x86_64\bin\verify.dll
0x00007ffdeab00000 - 0x00007ffdeab3e000 	C:\Users\Magma\AppData\Roaming\Antigravity\User\globalStorage\redhat.java\1.12.0\config_win\org.eclipse.equinox.launcher\org.eclipse.equinox.launcher.win32.win32.x86_64_1.2.600.v20220720-1916\eclipse_11700.dll
0x00007ffe1bea0000 - 0x00007ffe1bfcb000 	C:\WINDOWS\System32\ole32.dll
0x00007ffe190d0000 - 0x00007ffe190e8000 	C:\WINDOWS\SYSTEM32\CRYPTSP.dll
0x00007ffe185d0000 - 0x00007ffe18608000 	C:\WINDOWS\system32\rsaenh.dll
0x00007ffe19590000 - 0x00007ffe195be000 	C:\WINDOWS\SYSTEM32\USERENV.dll
0x00007ffe18fa0000 - 0x00007ffe18fac000 	C:\WINDOWS\SYSTEM32\CRYPTBASE.dll
0x00007ffe18ac0000 - 0x00007ffe18afb000 	C:\WINDOWS\SYSTEM32\IPHLPAPI.DLL
0x00007ffe1b4a0000 - 0x00007ffe1b4a8000 	C:\WINDOWS\System32\NSI.dll
0x00007ffe12420000 - 0x00007ffe12437000 	C:\WINDOWS\SYSTEM32\dhcpcsvc6.DLL
0x00007ffe12300000 - 0x00007ffe1231d000 	C:\WINDOWS\SYSTEM32\dhcpcsvc.DLL
0x00007ffe18b10000 - 0x00007ffe18bda000 	C:\WINDOWS\SYSTEM32\DNSAPI.dll
0x00007ffde3e60000 - 0x00007ffde3ea0000 	C:\Users\Magma\AppData\Local\Temp\jna-74103303\jna3911902864307241780.dll
0x00007ffdef0e0000 - 0x00007ffdef107000 	C:\Users\Magma\.gradle\native\c067742578af261105cb4f569cf0c3c89f3d7b1fecec35dd04571415982c5e48\windows-amd64\native-platform.dll
0x00007ffdfcd40000 - 0x00007ffdfcd49000 	C:\Users\Magma\.antigravity\extensions\redhat.java-1.12.0-win32-x64\jre\17.0.4.1-win32-x86_64\bin\management.dll
0x00007ffdfc9d0000 - 0x00007ffdfc9db000 	C:\Users\Magma\.antigravity\extensions\redhat.java-1.12.0-win32-x64\jre\17.0.4.1-win32-x86_64\bin\management_ext.dll

dbghelp: loaded successfully - version: 4.0.5 - missing functions: none
symbol engine: initialized successfully - sym options: 0x614 - pdb path: .;c:\Users\Magma\.antigravity\extensions\redhat.java-1.12.0-win32-x64\jre\17.0.4.1-win32-x86_64\bin;C:\WINDOWS\SYSTEM32;C:\Program Files\Bitdefender\Endpoint Security\bdhkm\dlls_268327928672026128;C:\Program Files\Bitdefender\Endpoint Security\atcuf\dlls_268327928646726806;C:\WINDOWS\WinSxS\amd64_microsoft.windows.common-controls_6595b64144ccf1df_6.0.19041.6456_none_60b8a6cb71f64256;c:\Users\Magma\.antigravity\extensions\redhat.java-1.12.0-win32-x64\jre\17.0.4.1-win32-x86_64\bin\server;C:\Users\Magma\AppData\Roaming\Antigravity\User\globalStorage\redhat.java\1.12.0\config_win\org.eclipse.equinox.launcher\org.eclipse.equinox.launcher.win32.win32.x86_64_1.2.600.v20220720-1916;C:\Users\Magma\AppData\Local\Temp\jna-74103303;C:\Users\Magma\.gradle\native\c067742578af261105cb4f569cf0c3c89f3d7b1fecec35dd04571415982c5e48\windows-amd64

VM Arguments:
jvm_args: --add-modules=ALL-SYSTEM --add-opens=java.base/java.util=ALL-UNNAMED --add-opens=java.base/java.lang=ALL-UNNAMED --add-opens=java.base/sun.nio.fs=ALL-UNNAMED -Declipse.application=org.eclipse.jdt.ls.core.id1 -Dosgi.bundles.defaultStartLevel=4 -Declipse.product=org.eclipse.jdt.ls.core.product -Djava.import.generatesMetadataFilesAtProjectRoot=false -Dfile.encoding=utf8 -XX:+UseParallelGC -XX:GCTimeRatio=4 -XX:AdaptiveSizePolicyWeight=90 -Dsun.zip.disableMemoryMapping=true -Xmx1G -Xms100m -Xlog:disable -javaagent:c:\Users\Magma\.antigravity\extensions\redhat.java-1.12.0-win32-x64\lombok\lombok-1.18.24.jar -XX:+HeapDumpOnOutOfMemoryError -XX:HeapDumpPath=c:\Users\Magma\AppData\Roaming\Antigravity\User\workspaceStorage\78c1582425954f8468c50dc54b59d4e1\redhat.java 
java_command: c:\Users\Magma\.antigravity\extensions\redhat.java-1.12.0-win32-x64\server\plugins\org.eclipse.equinox.launcher_1.6.400.v20210924-0641.jar -configuration c:\Users\Magma\AppData\Roaming\Antigravity\User\globalStorage\redhat.java\1.12.0\config_win -data c:\Users\Magma\AppData\Roaming\Antigravity\User\workspaceStorage\78c1582425954f8468c50dc54b59d4e1\redhat.java\jdt_ws
java_class_path (initial): c:\Users\Magma\.antigravity\extensions\redhat.java-1.12.0-win32-x64\server\plugins\org.eclipse.equinox.launcher_1.6.400.v20210924-0641.jar
Launcher Type: SUN_STANDARD

[Global flags]
    uintx AdaptiveSizePolicyWeight                 = 90                                        {product} {command line}
     intx CICompilerCount                          = 4                                         {product} {ergonomic}
    uintx GCTimeRatio                              = 4                                         {product} {command line}
     bool HeapDumpOnOutOfMemoryError               = true                                   {manageable} {command line}
    ccstr HeapDumpPath                             = c:\Users\Magma\AppData\Roaming\Antigravity\User\workspaceStorage\78c1582425954f8468c50dc54b59d4e1\redhat.java         {manageable} {command line}
   size_t InitialHeapSize                          = 104857600                                 {product} {command line}
   size_t MaxHeapSize                              = 1073741824                                {product} {command line}
   size_t MaxNewSize                               = 357564416                                 {product} {ergonomic}
   size_t MinHeapDeltaBytes                        = 524288                                    {product} {ergonomic}
   size_t MinHeapSize                              = 104857600                                 {product} {command line}
   size_t NewSize                                  = 34603008                                  {product} {ergonomic}
    uintx NonNMethodCodeHeapSize                   = 5839372                                {pd product} {ergonomic}
    uintx NonProfiledCodeHeapSize                  = 122909434                              {pd product} {ergonomic}
   size_t OldSize                                  = 70254592                                  {product} {ergonomic}
    uintx ProfiledCodeHeapSize                     = 122909434                              {pd product} {ergonomic}
    uintx ReservedCodeCacheSize                    = 251658240                              {pd product} {ergonomic}
     bool SegmentedCodeCache                       = true                                      {product} {ergonomic}
   size_t SoftMaxHeapSize                          = 1073741824                             {manageable} {ergonomic}
     bool UseCompressedClassPointers               = true                           {product lp64_product} {ergonomic}
     bool UseCompressedOops                        = true                           {product lp64_product} {ergonomic}
     bool UseLargePagesIndividualAllocation        = false                                  {pd product} {ergonomic}
     bool UseParallelGC                            = true                                      {product} {command line}

Logging:
Log output configuration:
 #0: stdout all=off uptime,level,tags
 #1: stderr all=off uptime,level,tags

Environment Variables:
JAVA_HOME=C:\Users\Magma\Java17\jdk-17.0.2
PATH=C:\Program Files (x86)\Intel\iCLS Client\;C:\Program Files\Intel\iCLS Client\;C:\WINDOWS\system32;C:\WINDOWS;C:\WINDOWS\system32\wbem;C:\ProgramData\Oracle\Java\javapath;C:\Program Files (x86)\Intel\iCLS Client;C:\Program Files\Intel\iCLS Client;C:\Windows\System32\WindowsPowerShell\v1.0;C:\Program Files (x86)\IBM\Client Access;C:\Program Files (x86)\QuickTime\QTSystem;C:\WINDOWS\System32\Wbem;C:\WINDOWS\System32\WindowsPowerShell\v1.0\;C:\WINDOWS\System32\OpenSSH\;C:\Program Files (x86)\Intel\Intel(R) Management Engine Components\DAL;C:\Program Files\Intel\Intel(R) Management Engine Components\DAL;C:\Program Files (x86)\Intel\Intel(R) Management Engine Components\IPT;C:\Program Files\Intel\Intel(R) Management Engine Components\IPT;C:\Program Files (x86)\Windows Kits\10\Windows Performance Toolkit\;C:\Program Files (x86)\Windows Kits\10\Microsoft Application Virtualization\Sequencer\;C:\PuTTY\;C:\Program Files\NVIDIA Corporation\NVIDIA NvDLISR;C:\WINDOWS\system32;C:\WINDOWS;C:\WINDOWS\System32\Wbem;C:\WINDOWS\System32\WindowsPowerShell\v1.0\;C:\WINDOWS\System32\OpenSSH\;C:\PROGRA~2\CyberCNSAgentV2\cyberPatch\bin;C:\Program Files (x86)\cloudflared\.;C:\Program Files (x86)\NTP\bin;C:\Program Files (x86)\Windows Kits\8.1\Windows Performance Toolkit\;C:\Program Files\dotnet\;C:\Program Files\PuTTY\;C:\Program Files\Git\cmd;C:\Program Files\nodejs\;C:\Program Files\PowerToys\DSCModules\;C:\Users\Magma\AppData\Local\Microsoft\WindowsApps;C:\Users\Magma\AppData\Local\Microsoft\WindowsApps;C:\Users\Magma\AppData\Local\GitHubDesktop\bin;C:\Users\Magma\AppData\Local\Programs\Antigravity\bin;C:\Users\Magma\AppData\Roaming\npm;C:\Users\Magma\AppData\Local\Python\bin;C:\Users\Magma\Java17\jdk-17.0.2\bin;C:\Users\Magma\AppData\Local\Android\Sdk\platform-tools
USERNAME=Magma
OS=Windows_NT
PROCESSOR_IDENTIFIER=Intel64 Family 6 Model 60 Stepping 3, GenuineIntel
TMP=C:\Users\Magma\AppData\Local\Temp
TEMP=C:\Users\Magma\AppData\Local\Temp



---------------  S Y S T E M  ---------------

OS:
 Windows 10 , 64 bit Build 19041 (10.0.19041.5915)
OS uptime: 3 days 6:27 hours
Hyper-V role detected

CPU: total 8 (initial active 8) (4 cores per cpu, 2 threads per core) family 6 model 60 stepping 3 microcode 0x28, cx8, cmov, fxsr, ht, mmx, sse, sse2, sse3, ssse3, sse4.1, sse4.2, popcnt, lzcnt, tsc, tscinvbit, avx, avx2, aes, erms, clmul, bmi1, bmi2, fma, vzeroupper, clflush, hv

Memory: 4k page, system-wide physical 16325M (354M free)
TotalPageFile size 36325M (AvailPageFile size 3M)
current process WorkingSet (physical memory assigned to process): 222M, peak: 235M
current process commit charge ("private bytes"): 283M, peak: 304M

vm_info: OpenJDK 64-Bit Server VM (17.0.4.1+1) for windows-amd64 JRE (17.0.4.1+1), built on Aug 17 2022 07:42:43 by "temurin" with MS VC++ 16.7 (VS2019)

END.
